This is pdfTeX, Version 3.14159265-2.6-1.40.17 (TeX Live 2016) (preloaded format=pdflatex 2016.5.22)  29 NOV 2018 15:02
entering extended mode
 restricted \write18 enabled.
 %&-line parsing enabled.
**Simpson_Research_Proposal.tex
(./Simpson_Research_Proposal.tex
LaTeX2e <2016/03/31>
Babel <3.9r> and hyphenation patterns for 83 language(s) loaded.
(/usr/local/texlive/2016/texmf-dist/tex/latex/base/article.cls
Document Class: article 2014/09/29 v1.4h Standard LaTeX document class
(/usr/local/texlive/2016/texmf-dist/tex/latex/base/size10.clo
File: size10.clo 2014/09/29 v1.4h Standard LaTeX file (size option)
)
\c@part=\count79
\c@section=\count80
\c@subsection=\count81
\c@subsubsection=\count82
\c@paragraph=\count83
\c@subparagraph=\count84
\c@figure=\count85
\c@table=\count86
\abovecaptionskip=\skip41
\belowcaptionskip=\skip42
\bibindent=\dimen102
)
(/usr/local/texlive/2016/texmf-dist/tex/latex/geometry/geometry.sty
Package: geometry 2010/09/12 v5.6 Page Geometry

(/usr/local/texlive/2016/texmf-dist/tex/latex/graphics/keyval.sty
Package: keyval 2014/10/28 v1.15 key=value parser (DPC)
\KV@toks@=\toks14
)
(/usr/local/texlive/2016/texmf-dist/tex/generic/oberdiek/ifpdf.sty
Package: ifpdf 2016/05/14 v3.1 Provides the ifpdf switch
)
(/usr/local/texlive/2016/texmf-dist/tex/generic/oberdiek/ifvtex.sty
Package: ifvtex 2016/05/16 v1.6 Detect VTeX and its facilities (HO)
Package ifvtex Info: VTeX not detected.
)
(/usr/local/texlive/2016/texmf-dist/tex/generic/ifxetex/ifxetex.sty
Package: ifxetex 2010/09/12 v0.6 Provides ifxetex conditional
)
\Gm@cnth=\count87
\Gm@cntv=\count88
\c@Gm@tempcnt=\count89
\Gm@bindingoffset=\dimen103
\Gm@wd@mp=\dimen104
\Gm@odd@mp=\dimen105
\Gm@even@mp=\dimen106
\Gm@layoutwidth=\dimen107
\Gm@layoutheight=\dimen108
\Gm@layouthoffset=\dimen109
\Gm@layoutvoffset=\dimen110
\Gm@dimlist=\toks15
)
(/usr/local/texlive/2016/texmf-dist/tex/latex/base/inputenc.sty
Package: inputenc 2015/03/17 v1.2c Input encoding file
\inpenc@prehook=\toks16
\inpenc@posthook=\toks17

(/usr/local/texlive/2016/texmf-dist/tex/latex/base/utf8.def
File: utf8.def 2016/02/28 v1.1s UTF-8 support for inputenc
Now handling font encoding OML ...
... no UTF-8 mapping file for font encoding OML
Now handling font encoding T1 ...
... processing UTF-8 mapping file for font encoding T1

(/usr/local/texlive/2016/texmf-dist/tex/latex/base/t1enc.dfu
File: t1enc.dfu 2016/02/28 v1.1s UTF-8 support for inputenc
   defining Unicode char U+00A0 (decimal 160)
   defining Unicode char U+00A1 (decimal 161)
   defining Unicode char U+00A3 (decimal 163)
   defining Unicode char U+00AB (decimal 171)
   defining Unicode char U+00AD (decimal 173)
   defining Unicode char U+00BB (decimal 187)
   defining Unicode char U+00BF (decimal 191)
   defining Unicode char U+00C0 (decimal 192)
   defining Unicode char U+00C1 (decimal 193)
   defining Unicode char U+00C2 (decimal 194)
   defining Unicode char U+00C3 (decimal 195)
   defining Unicode char U+00C4 (decimal 196)
   defining Unicode char U+00C5 (decimal 197)
   defining Unicode char U+00C6 (decimal 198)
   defining Unicode char U+00C7 (decimal 199)
   defining Unicode char U+00C8 (decimal 200)
   defining Unicode char U+00C9 (decimal 201)
   defining Unicode char U+00CA (decimal 202)
   defining Unicode char U+00CB (decimal 203)
   defining Unicode char U+00CC (decimal 204)
   defining Unicode char U+00CD (decimal 205)
   defining Unicode char U+00CE (decimal 206)
   defining Unicode char U+00CF (decimal 207)
   defining Unicode char U+00D0 (decimal 208)
   defining Unicode char U+00D1 (decimal 209)
   defining Unicode char U+00D2 (decimal 210)
   defining Unicode char U+00D3 (decimal 211)
   defining Unicode char U+00D4 (decimal 212)
   defining Unicode char U+00D5 (decimal 213)
   defining Unicode char U+00D6 (decimal 214)
   defining Unicode char U+00D8 (decimal 216)
   defining Unicode char U+00D9 (decimal 217)
   defining Unicode char U+00DA (decimal 218)
   defining Unicode char U+00DB (decimal 219)
   defining Unicode char U+00DC (decimal 220)
   defining Unicode char U+00DD (decimal 221)
   defining Unicode char U+00DE (decimal 222)
   defining Unicode char U+00DF (decimal 223)
   defining Unicode char U+00E0 (decimal 224)
   defining Unicode char U+00E1 (decimal 225)
   defining Unicode char U+00E2 (decimal 226)
   defining Unicode char U+00E3 (decimal 227)
   defining Unicode char U+00E4 (decimal 228)
   defining Unicode char U+00E5 (decimal 229)
   defining Unicode char U+00E6 (decimal 230)
   defining Unicode char U+00E7 (decimal 231)
   defining Unicode char U+00E8 (decimal 232)
   defining Unicode char U+00E9 (decimal 233)
   defining Unicode char U+00EA (decimal 234)
   defining Unicode char U+00EB (decimal 235)
   defining Unicode char U+00EC (decimal 236)
   defining Unicode char U+00ED (decimal 237)
   defining Unicode char U+00EE (decimal 238)
   defining Unicode char U+00EF (decimal 239)
   defining Unicode char U+00F0 (decimal 240)
   defining Unicode char U+00F1 (decimal 241)
   defining Unicode char U+00F2 (decimal 242)
   defining Unicode char U+00F3 (decimal 243)
   defining Unicode char U+00F4 (decimal 244)
   defining Unicode char U+00F5 (decimal 245)
   defining Unicode char U+00F6 (decimal 246)
   defining Unicode char U+00F8 (decimal 248)
   defining Unicode char U+00F9 (decimal 249)
   defining Unicode char U+00FA (decimal 250)
   defining Unicode char U+00FB (decimal 251)
   defining Unicode char U+00FC (decimal 252)
   defining Unicode char U+00FD (decimal 253)
   defining Unicode char U+00FE (decimal 254)
   defining Unicode char U+00FF (decimal 255)
   defining Unicode char U+0100 (decimal 256)
   defining Unicode char U+0101 (decimal 257)
   defining Unicode char U+0102 (decimal 258)
   defining Unicode char U+0103 (decimal 259)
   defining Unicode char U+0104 (decimal 260)
   defining Unicode char U+0105 (decimal 261)
   defining Unicode char U+0106 (decimal 262)
   defining Unicode char U+0107 (decimal 263)
   defining Unicode char U+0108 (decimal 264)
   defining Unicode char U+0109 (decimal 265)
   defining Unicode char U+010A (decimal 266)
   defining Unicode char U+010B (decimal 267)
   defining Unicode char U+010C (decimal 268)
   defining Unicode char U+010D (decimal 269)
   defining Unicode char U+010E (decimal 270)
   defining Unicode char U+010F (decimal 271)
   defining Unicode char U+0110 (decimal 272)
   defining Unicode char U+0111 (decimal 273)
   defining Unicode char U+0112 (decimal 274)
   defining Unicode char U+0113 (decimal 275)
   defining Unicode char U+0114 (decimal 276)
   defining Unicode char U+0115 (decimal 277)
   defining Unicode char U+0116 (decimal 278)
   defining Unicode char U+0117 (decimal 279)
   defining Unicode char U+0118 (decimal 280)
   defining Unicode char U+0119 (decimal 281)
   defining Unicode char U+011A (decimal 282)
   defining Unicode char U+011B (decimal 283)
   defining Unicode char U+011C (decimal 284)
   defining Unicode char U+011D (decimal 285)
   defining Unicode char U+011E (decimal 286)
   defining Unicode char U+011F (decimal 287)
   defining Unicode char U+0120 (decimal 288)
   defining Unicode char U+0121 (decimal 289)
   defining Unicode char U+0122 (decimal 290)
   defining Unicode char U+0123 (decimal 291)
   defining Unicode char U+0124 (decimal 292)
   defining Unicode char U+0125 (decimal 293)
   defining Unicode char U+0128 (decimal 296)
   defining Unicode char U+0129 (decimal 297)
   defining Unicode char U+012A (decimal 298)
   defining Unicode char U+012B (decimal 299)
   defining Unicode char U+012C (decimal 300)
   defining Unicode char U+012D (decimal 301)
   defining Unicode char U+012E (decimal 302)
   defining Unicode char U+012F (decimal 303)
   defining Unicode char U+0130 (decimal 304)
   defining Unicode char U+0131 (decimal 305)
   defining Unicode char U+0132 (decimal 306)
   defining Unicode char U+0133 (decimal 307)
   defining Unicode char U+0134 (decimal 308)
   defining Unicode char U+0135 (decimal 309)
   defining Unicode char U+0136 (decimal 310)
   defining Unicode char U+0137 (decimal 311)
   defining Unicode char U+0139 (decimal 313)
   defining Unicode char U+013A (decimal 314)
   defining Unicode char U+013B (decimal 315)
   defining Unicode char U+013C (decimal 316)
   defining Unicode char U+013D (decimal 317)
   defining Unicode char U+013E (decimal 318)
   defining Unicode char U+0141 (decimal 321)
   defining Unicode char U+0142 (decimal 322)
   defining Unicode char U+0143 (decimal 323)
   defining Unicode char U+0144 (decimal 324)
   defining Unicode char U+0145 (decimal 325)
   defining Unicode char U+0146 (decimal 326)
   defining Unicode char U+0147 (decimal 327)
   defining Unicode char U+0148 (decimal 328)
   defining Unicode char U+014A (decimal 330)
   defining Unicode char U+014B (decimal 331)
   defining Unicode char U+014C (decimal 332)
   defining Unicode char U+014D (decimal 333)
   defining Unicode char U+014E (decimal 334)
   defining Unicode char U+014F (decimal 335)
   defining Unicode char U+0150 (decimal 336)
   defining Unicode char U+0151 (decimal 337)
   defining Unicode char U+0152 (decimal 338)
   defining Unicode char U+0153 (decimal 339)
   defining Unicode char U+0154 (decimal 340)
   defining Unicode char U+0155 (decimal 341)
   defining Unicode char U+0156 (decimal 342)
   defining Unicode char U+0157 (decimal 343)
   defining Unicode char U+0158 (decimal 344)
   defining Unicode char U+0159 (decimal 345)
   defining Unicode char U+015A (decimal 346)
   defining Unicode char U+015B (decimal 347)
   defining Unicode char U+015C (decimal 348)
   defining Unicode char U+015D (decimal 349)
   defining Unicode char U+015E (decimal 350)
   defining Unicode char U+015F (decimal 351)
   defining Unicode char U+0160 (decimal 352)
   defining Unicode char U+0161 (decimal 353)
   defining Unicode char U+0162 (decimal 354)
   defining Unicode char U+0163 (decimal 355)
   defining Unicode char U+0164 (decimal 356)
   defining Unicode char U+0165 (decimal 357)
   defining Unicode char U+0168 (decimal 360)
   defining Unicode char U+0169 (decimal 361)
   defining Unicode char U+016A (decimal 362)
   defining Unicode char U+016B (decimal 363)
   defining Unicode char U+016C (decimal 364)
   defining Unicode char U+016D (decimal 365)
   defining Unicode char U+016E (decimal 366)
   defining Unicode char U+016F (decimal 367)
   defining Unicode char U+0170 (decimal 368)
   defining Unicode char U+0171 (decimal 369)
   defining Unicode char U+0172 (decimal 370)
   defining Unicode char U+0173 (decimal 371)
   defining Unicode char U+0174 (decimal 372)
   defining Unicode char U+0175 (decimal 373)
   defining Unicode char U+0176 (decimal 374)
   defining Unicode char U+0177 (decimal 375)
   defining Unicode char U+0178 (decimal 376)
   defining Unicode char U+0179 (decimal 377)
   defining Unicode char U+017A (decimal 378)
   defining Unicode char U+017B (decimal 379)
   defining Unicode char U+017C (decimal 380)
   defining Unicode char U+017D (decimal 381)
   defining Unicode char U+017E (decimal 382)
   defining Unicode char U+01CD (decimal 461)
   defining Unicode char U+01CE (decimal 462)
   defining Unicode char U+01CF (decimal 463)
   defining Unicode char U+01D0 (decimal 464)
   defining Unicode char U+01D1 (decimal 465)
   defining Unicode char U+01D2 (decimal 466)
   defining Unicode char U+01D3 (decimal 467)
   defining Unicode char U+01D4 (decimal 468)
   defining Unicode char U+01E2 (decimal 482)
   defining Unicode char U+01E3 (decimal 483)
   defining Unicode char U+01E6 (decimal 486)
   defining Unicode char U+01E7 (decimal 487)
   defining Unicode char U+01E8 (decimal 488)
   defining Unicode char U+01E9 (decimal 489)
   defining Unicode char U+01EA (decimal 490)
   defining Unicode char U+01EB (decimal 491)
   defining Unicode char U+01F0 (decimal 496)
   defining Unicode char U+01F4 (decimal 500)
   defining Unicode char U+01F5 (decimal 501)
   defining Unicode char U+0218 (decimal 536)
   defining Unicode char U+0219 (decimal 537)
   defining Unicode char U+021A (decimal 538)
   defining Unicode char U+021B (decimal 539)
   defining Unicode char U+1E02 (decimal 7682)
   defining Unicode char U+1E03 (decimal 7683)
   defining Unicode char U+200C (decimal 8204)
   defining Unicode char U+2010 (decimal 8208)
   defining Unicode char U+2011 (decimal 8209)
   defining Unicode char U+2012 (decimal 8210)
   defining Unicode char U+2013 (decimal 8211)
   defining Unicode char U+2014 (decimal 8212)
   defining Unicode char U+2015 (decimal 8213)
   defining Unicode char U+2018 (decimal 8216)
   defining Unicode char U+2019 (decimal 8217)
   defining Unicode char U+201A (decimal 8218)
   defining Unicode char U+201C (decimal 8220)
   defining Unicode char U+201D (decimal 8221)
   defining Unicode char U+201E (decimal 8222)
   defining Unicode char U+2030 (decimal 8240)
   defining Unicode char U+2031 (decimal 8241)
   defining Unicode char U+2039 (decimal 8249)
   defining Unicode char U+203A (decimal 8250)
   defining Unicode char U+2423 (decimal 9251)
)
Now handling font encoding OT1 ...
... processing UTF-8 mapping file for font encoding OT1

(/usr/local/texlive/2016/texmf-dist/tex/latex/base/ot1enc.dfu
File: ot1enc.dfu 2016/02/28 v1.1s UTF-8 support for inputenc
   defining Unicode char U+00A0 (decimal 160)
   defining Unicode char U+00A1 (decimal 161)
   defining Unicode char U+00A3 (decimal 163)
   defining Unicode char U+00AD (decimal 173)
   defining Unicode char U+00B8 (decimal 184)
   defining Unicode char U+00BF (decimal 191)
   defining Unicode char U+00C5 (decimal 197)
   defining Unicode char U+00C6 (decimal 198)
   defining Unicode char U+00D8 (decimal 216)
   defining Unicode char U+00DF (decimal 223)
   defining Unicode char U+00E6 (decimal 230)
   defining Unicode char U+00EC (decimal 236)
   defining Unicode char U+00ED (decimal 237)
   defining Unicode char U+00EE (decimal 238)
   defining Unicode char U+00EF (decimal 239)
   defining Unicode char U+00F8 (decimal 248)
   defining Unicode char U+0131 (decimal 305)
   defining Unicode char U+0141 (decimal 321)
   defining Unicode char U+0142 (decimal 322)
   defining Unicode char U+0152 (decimal 338)
   defining Unicode char U+0153 (decimal 339)
   defining Unicode char U+0174 (decimal 372)
   defining Unicode char U+0175 (decimal 373)
   defining Unicode char U+0176 (decimal 374)
   defining Unicode char U+0177 (decimal 375)
   defining Unicode char U+0218 (decimal 536)
   defining Unicode char U+0219 (decimal 537)
   defining Unicode char U+021A (decimal 538)
   defining Unicode char U+021B (decimal 539)
   defining Unicode char U+2013 (decimal 8211)
   defining Unicode char U+2014 (decimal 8212)
   defining Unicode char U+2018 (decimal 8216)
   defining Unicode char U+2019 (decimal 8217)
   defining Unicode char U+201C (decimal 8220)
   defining Unicode char U+201D (decimal 8221)
)
Now handling font encoding OMS ...
... processing UTF-8 mapping file for font encoding OMS

(/usr/local/texlive/2016/texmf-dist/tex/latex/base/omsenc.dfu
File: omsenc.dfu 2016/02/28 v1.1s UTF-8 support for inputenc
   defining Unicode char U+00A7 (decimal 167)
   defining Unicode char U+00B6 (decimal 182)
   defining Unicode char U+00B7 (decimal 183)
   defining Unicode char U+2020 (decimal 8224)
   defining Unicode char U+2021 (decimal 8225)
   defining Unicode char U+2022 (decimal 8226)
)
Now handling font encoding OMX ...
... no UTF-8 mapping file for font encoding OMX
Now handling font encoding U ...
... no UTF-8 mapping file for font encoding U
   defining Unicode char U+00A9 (decimal 169)
   defining Unicode char U+00AA (decimal 170)
   defining Unicode char U+00AE (decimal 174)
   defining Unicode char U+00BA (decimal 186)
   defining Unicode char U+02C6 (decimal 710)
   defining Unicode char U+02DC (decimal 732)
   defining Unicode char U+200C (decimal 8204)
   defining Unicode char U+2026 (decimal 8230)
   defining Unicode char U+2122 (decimal 8482)
   defining Unicode char U+2423 (decimal 9251)
))
(/usr/local/texlive/2016/texmf-dist/tex/latex/amsmath/amsmath.sty
Package: amsmath 2016/03/10 v2.15b AMS math features
\@mathmargin=\skip43

For additional information on amsmath, use the `?' option.
(/usr/local/texlive/2016/texmf-dist/tex/latex/amsmath/amstext.sty
Package: amstext 2000/06/29 v2.01 AMS text

(/usr/local/texlive/2016/texmf-dist/tex/latex/amsmath/amsgen.sty
File: amsgen.sty 1999/11/30 v2.0 generic functions
\@emptytoks=\toks18
\ex@=\dimen111
))
(/usr/local/texlive/2016/texmf-dist/tex/latex/amsmath/amsbsy.sty
Package: amsbsy 1999/11/29 v1.2d Bold Symbols
\pmbraise@=\dimen112
)
(/usr/local/texlive/2016/texmf-dist/tex/latex/amsmath/amsopn.sty
Package: amsopn 2016/03/08 v2.02 operator names
)
\inf@bad=\count90
LaTeX Info: Redefining \frac on input line 199.
\uproot@=\count91
\leftroot@=\count92
LaTeX Info: Redefining \overline on input line 297.
\classnum@=\count93
\DOTSCASE@=\count94
LaTeX Info: Redefining \ldots on input line 394.
LaTeX Info: Redefining \dots on input line 397.
LaTeX Info: Redefining \cdots on input line 518.
\Mathstrutbox@=\box26
\strutbox@=\box27
\big@size=\dimen113
LaTeX Font Info:    Redeclaring font encoding OML on input line 634.
LaTeX Font Info:    Redeclaring font encoding OMS on input line 635.
\macc@depth=\count95
\c@MaxMatrixCols=\count96
\dotsspace@=\muskip10
\c@parentequation=\count97
\dspbrk@lvl=\count98
\tag@help=\toks19
\row@=\count99
\column@=\count100
\maxfields@=\count101
\andhelp@=\toks20
\eqnshift@=\dimen114
\alignsep@=\dimen115
\tagshift@=\dimen116
\tagwidth@=\dimen117
\totwidth@=\dimen118
\lineht@=\dimen119
\@envbody=\toks21
\multlinegap=\skip44
\multlinetaggap=\skip45
\mathdisplay@stack=\toks22
LaTeX Info: Redefining \[ on input line 2739.
LaTeX Info: Redefining \] on input line 2740.
)
(/usr/local/texlive/2016/texmf-dist/tex/latex/amsfonts/amsfonts.sty
Package: amsfonts 2013/01/14 v3.01 Basic AMSFonts support
\symAMSa=\mathgroup4
\symAMSb=\mathgroup5
LaTeX Font Info:    Overwriting math alphabet `\mathfrak' in version `bold'
(Font)                  U/euf/m/n --> U/euf/b/n on input line 106.
)
(/usr/local/texlive/2016/texmf-dist/tex/latex/amsfonts/amssymb.sty
Package: amssymb 2013/01/14 v3.01 AMS font symbols
)
(/usr/local/texlive/2016/texmf-dist/tex/latex/pgf/frontendlayer/tikz.sty
(/usr/local/texlive/2016/texmf-dist/tex/latex/pgf/basiclayer/pgf.sty
(/usr/local/texlive/2016/texmf-dist/tex/latex/pgf/utilities/pgfrcs.sty
(/usr/local/texlive/2016/texmf-dist/tex/generic/pgf/utilities/pgfutil-common.te
x
\pgfutil@everybye=\toks23
\pgfutil@tempdima=\dimen120
\pgfutil@tempdimb=\dimen121

(/usr/local/texlive/2016/texmf-dist/tex/generic/pgf/utilities/pgfutil-common-li
sts.tex))
(/usr/local/texlive/2016/texmf-dist/tex/generic/pgf/utilities/pgfutil-latex.def
\pgfutil@abb=\box28
(/usr/local/texlive/2016/texmf-dist/tex/latex/ms/everyshi.sty
Package: everyshi 2001/05/15 v3.00 EveryShipout Package (MS)
))
(/usr/local/texlive/2016/texmf-dist/tex/generic/pgf/utilities/pgfrcs.code.tex
Package: pgfrcs 2015/08/07 v3.0.1a (rcs-revision 1.31)
))
Package: pgf 2015/08/07 v3.0.1a (rcs-revision 1.15)
(/usr/local/texlive/2016/texmf-dist/tex/latex/pgf/basiclayer/pgfcore.sty
(/usr/local/texlive/2016/texmf-dist/tex/latex/graphics/graphicx.sty
Package: graphicx 2014/10/28 v1.0g Enhanced LaTeX Graphics (DPC,SPQR)

(/usr/local/texlive/2016/texmf-dist/tex/latex/graphics/graphics.sty
Package: graphics 2016/05/09 v1.0r Standard LaTeX Graphics (DPC,SPQR)

(/usr/local/texlive/2016/texmf-dist/tex/latex/graphics/trig.sty
Package: trig 2016/01/03 v1.10 sin cos tan (DPC)
)
(/usr/local/texlive/2016/texmf-dist/tex/latex/graphics-cfg/graphics.cfg
File: graphics.cfg 2016/01/02 v1.10 sample graphics configuration
)
Package graphics Info: Driver file: pdftex.def on input line 96.

(/usr/local/texlive/2016/texmf-dist/tex/latex/pdftex-def/pdftex.def
File: pdftex.def 2011/05/27 v0.06d Graphics/color for pdfTeX

(/usr/local/texlive/2016/texmf-dist/tex/generic/oberdiek/infwarerr.sty
Package: infwarerr 2016/05/16 v1.4 Providing info/warning/error messages (HO)
)
(/usr/local/texlive/2016/texmf-dist/tex/generic/oberdiek/ltxcmds.sty
Package: ltxcmds 2016/05/16 v1.23 LaTeX kernel commands for general use (HO)
)
\Gread@gobject=\count102
))
\Gin@req@height=\dimen122
\Gin@req@width=\dimen123
)
(/usr/local/texlive/2016/texmf-dist/tex/latex/pgf/systemlayer/pgfsys.sty
(/usr/local/texlive/2016/texmf-dist/tex/generic/pgf/systemlayer/pgfsys.code.tex
Package: pgfsys 2014/07/09 v3.0.1a (rcs-revision 1.48)
(/usr/local/texlive/2016/texmf-dist/tex/generic/pgf/utilities/pgfkeys.code.tex
\pgfkeys@pathtoks=\toks24
\pgfkeys@temptoks=\toks25

(/usr/local/texlive/2016/texmf-dist/tex/generic/pgf/utilities/pgfkeysfiltered.c
ode.tex
\pgfkeys@tmptoks=\toks26
))
\pgf@x=\dimen124
\pgf@y=\dimen125
\pgf@xa=\dimen126
\pgf@ya=\dimen127
\pgf@xb=\dimen128
\pgf@yb=\dimen129
\pgf@xc=\dimen130
\pgf@yc=\dimen131
\w@pgf@writea=\write3
\r@pgf@reada=\read1
\c@pgf@counta=\count103
\c@pgf@countb=\count104
\c@pgf@countc=\count105
\c@pgf@countd=\count106
\t@pgf@toka=\toks27
\t@pgf@tokb=\toks28
\t@pgf@tokc=\toks29

(/usr/local/texlive/2016/texmf-dist/tex/generic/pgf/systemlayer/pgf.cfg
File: pgf.cfg 2008/05/14  (rcs-revision 1.7)
)
Driver file for pgf: pgfsys-pdftex.def

(/usr/local/texlive/2016/texmf-dist/tex/generic/pgf/systemlayer/pgfsys-pdftex.d
ef
File: pgfsys-pdftex.def 2014/10/11  (rcs-revision 1.35)

(/usr/local/texlive/2016/texmf-dist/tex/generic/pgf/systemlayer/pgfsys-common-p
df.def
File: pgfsys-common-pdf.def 2013/10/10  (rcs-revision 1.13)
)))
(/usr/local/texlive/2016/texmf-dist/tex/generic/pgf/systemlayer/pgfsyssoftpath.
code.tex
File: pgfsyssoftpath.code.tex 2013/09/09  (rcs-revision 1.9)
\pgfsyssoftpath@smallbuffer@items=\count107
\pgfsyssoftpath@bigbuffer@items=\count108
)
(/usr/local/texlive/2016/texmf-dist/tex/generic/pgf/systemlayer/pgfsysprotocol.
code.tex
File: pgfsysprotocol.code.tex 2006/10/16  (rcs-revision 1.4)
)) (/usr/local/texlive/2016/texmf-dist/tex/latex/xcolor/xcolor.sty
Package: xcolor 2016/05/11 v2.12 LaTeX color extensions (UK)

(/usr/local/texlive/2016/texmf-dist/tex/latex/graphics-cfg/color.cfg
File: color.cfg 2016/01/02 v1.6 sample color configuration
)
Package xcolor Info: Driver file: pdftex.def on input line 225.
Package xcolor Info: Model `cmy' substituted by `cmy0' on input line 1348.
Package xcolor Info: Model `hsb' substituted by `rgb' on input line 1352.
Package xcolor Info: Model `RGB' extended on input line 1364.
Package xcolor Info: Model `HTML' substituted by `rgb' on input line 1366.
Package xcolor Info: Model `Hsb' substituted by `hsb' on input line 1367.
Package xcolor Info: Model `tHsb' substituted by `hsb' on input line 1368.
Package xcolor Info: Model `HSB' substituted by `hsb' on input line 1369.
Package xcolor Info: Model `Gray' substituted by `gray' on input line 1370.
Package xcolor Info: Model `wave' substituted by `hsb' on input line 1371.
)
(/usr/local/texlive/2016/texmf-dist/tex/generic/pgf/basiclayer/pgfcore.code.tex
Package: pgfcore 2010/04/11 v3.0.1a (rcs-revision 1.7)
(/usr/local/texlive/2016/texmf-dist/tex/generic/pgf/math/pgfmath.code.tex
(/usr/local/texlive/2016/texmf-dist/tex/generic/pgf/math/pgfmathcalc.code.tex
(/usr/local/texlive/2016/texmf-dist/tex/generic/pgf/math/pgfmathutil.code.tex)
(/usr/local/texlive/2016/texmf-dist/tex/generic/pgf/math/pgfmathparser.code.tex
\pgfmath@dimen=\dimen132
\pgfmath@count=\count109
\pgfmath@box=\box29
\pgfmath@toks=\toks30
\pgfmath@stack@operand=\toks31
\pgfmath@stack@operation=\toks32
)
(/usr/local/texlive/2016/texmf-dist/tex/generic/pgf/math/pgfmathfunctions.code.
tex
(/usr/local/texlive/2016/texmf-dist/tex/generic/pgf/math/pgfmathfunctions.basic
.code.tex)
(/usr/local/texlive/2016/texmf-dist/tex/generic/pgf/math/pgfmathfunctions.trigo
nometric.code.tex)
(/usr/local/texlive/2016/texmf-dist/tex/generic/pgf/math/pgfmathfunctions.rando
m.code.tex)
(/usr/local/texlive/2016/texmf-dist/tex/generic/pgf/math/pgfmathfunctions.compa
rison.code.tex)
(/usr/local/texlive/2016/texmf-dist/tex/generic/pgf/math/pgfmathfunctions.base.
code.tex)
(/usr/local/texlive/2016/texmf-dist/tex/generic/pgf/math/pgfmathfunctions.round
.code.tex)
(/usr/local/texlive/2016/texmf-dist/tex/generic/pgf/math/pgfmathfunctions.misc.
code.tex)
(/usr/local/texlive/2016/texmf-dist/tex/generic/pgf/math/pgfmathfunctions.integ
erarithmetics.code.tex)))
(/usr/local/texlive/2016/texmf-dist/tex/generic/pgf/math/pgfmathfloat.code.tex
\c@pgfmathroundto@lastzeros=\count110
))
(/usr/local/texlive/2016/texmf-dist/tex/generic/pgf/basiclayer/pgfcorepoints.co
de.tex
File: pgfcorepoints.code.tex 2013/10/07  (rcs-revision 1.27)
\pgf@picminx=\dimen133
\pgf@picmaxx=\dimen134
\pgf@picminy=\dimen135
\pgf@picmaxy=\dimen136
\pgf@pathminx=\dimen137
\pgf@pathmaxx=\dimen138
\pgf@pathminy=\dimen139
\pgf@pathmaxy=\dimen140
\pgf@xx=\dimen141
\pgf@xy=\dimen142
\pgf@yx=\dimen143
\pgf@yy=\dimen144
\pgf@zx=\dimen145
\pgf@zy=\dimen146
)
(/usr/local/texlive/2016/texmf-dist/tex/generic/pgf/basiclayer/pgfcorepathconst
ruct.code.tex
File: pgfcorepathconstruct.code.tex 2013/10/07  (rcs-revision 1.29)
\pgf@path@lastx=\dimen147
\pgf@path@lasty=\dimen148
)
(/usr/local/texlive/2016/texmf-dist/tex/generic/pgf/basiclayer/pgfcorepathusage
.code.tex
File: pgfcorepathusage.code.tex 2014/11/02  (rcs-revision 1.24)
\pgf@shorten@end@additional=\dimen149
\pgf@shorten@start@additional=\dimen150
)
(/usr/local/texlive/2016/texmf-dist/tex/generic/pgf/basiclayer/pgfcorescopes.co
de.tex
File: pgfcorescopes.code.tex 2015/05/08  (rcs-revision 1.46)
\pgfpic=\box30
\pgf@hbox=\box31
\pgf@layerbox@main=\box32
\pgf@picture@serial@count=\count111
)
(/usr/local/texlive/2016/texmf-dist/tex/generic/pgf/basiclayer/pgfcoregraphicst
ate.code.tex
File: pgfcoregraphicstate.code.tex 2014/11/02  (rcs-revision 1.12)
\pgflinewidth=\dimen151
)
(/usr/local/texlive/2016/texmf-dist/tex/generic/pgf/basiclayer/pgfcoretransform
ations.code.tex
File: pgfcoretransformations.code.tex 2015/08/07  (rcs-revision 1.20)
\pgf@pt@x=\dimen152
\pgf@pt@y=\dimen153
\pgf@pt@temp=\dimen154
)
(/usr/local/texlive/2016/texmf-dist/tex/generic/pgf/basiclayer/pgfcorequick.cod
e.tex
File: pgfcorequick.code.tex 2008/10/09  (rcs-revision 1.3)
)
(/usr/local/texlive/2016/texmf-dist/tex/generic/pgf/basiclayer/pgfcoreobjects.c
ode.tex
File: pgfcoreobjects.code.tex 2006/10/11  (rcs-revision 1.2)
)
(/usr/local/texlive/2016/texmf-dist/tex/generic/pgf/basiclayer/pgfcorepathproce
ssing.code.tex
File: pgfcorepathprocessing.code.tex 2013/09/09  (rcs-revision 1.9)
)
(/usr/local/texlive/2016/texmf-dist/tex/generic/pgf/basiclayer/pgfcorearrows.co
de.tex
File: pgfcorearrows.code.tex 2015/05/14  (rcs-revision 1.43)
\pgfarrowsep=\dimen155
)
(/usr/local/texlive/2016/texmf-dist/tex/generic/pgf/basiclayer/pgfcoreshade.cod
e.tex
File: pgfcoreshade.code.tex 2013/07/15  (rcs-revision 1.15)
\pgf@max=\dimen156
\pgf@sys@shading@range@num=\count112
)
(/usr/local/texlive/2016/texmf-dist/tex/generic/pgf/basiclayer/pgfcoreimage.cod
e.tex
File: pgfcoreimage.code.tex 2013/07/15  (rcs-revision 1.18)

(/usr/local/texlive/2016/texmf-dist/tex/generic/pgf/basiclayer/pgfcoreexternal.
code.tex
File: pgfcoreexternal.code.tex 2014/07/09  (rcs-revision 1.21)
\pgfexternal@startupbox=\box33
))
(/usr/local/texlive/2016/texmf-dist/tex/generic/pgf/basiclayer/pgfcorelayers.co
de.tex
File: pgfcorelayers.code.tex 2013/07/18  (rcs-revision 1.7)
)
(/usr/local/texlive/2016/texmf-dist/tex/generic/pgf/basiclayer/pgfcoretranspare
ncy.code.tex
File: pgfcoretransparency.code.tex 2013/09/30  (rcs-revision 1.5)
)
(/usr/local/texlive/2016/texmf-dist/tex/generic/pgf/basiclayer/pgfcorepatterns.
code.tex
File: pgfcorepatterns.code.tex 2013/11/07  (rcs-revision 1.5)
)))
(/usr/local/texlive/2016/texmf-dist/tex/generic/pgf/modules/pgfmoduleshapes.cod
e.tex
File: pgfmoduleshapes.code.tex 2014/03/21  (rcs-revision 1.35)
\pgfnodeparttextbox=\box34
)
(/usr/local/texlive/2016/texmf-dist/tex/generic/pgf/modules/pgfmoduleplot.code.
tex
File: pgfmoduleplot.code.tex 2015/08/03  (rcs-revision 1.13)
)
(/usr/local/texlive/2016/texmf-dist/tex/latex/pgf/compatibility/pgfcomp-version
-0-65.sty
Package: pgfcomp-version-0-65 2007/07/03 v3.0.1a (rcs-revision 1.7)
\pgf@nodesepstart=\dimen157
\pgf@nodesepend=\dimen158
)
(/usr/local/texlive/2016/texmf-dist/tex/latex/pgf/compatibility/pgfcomp-version
-1-18.sty
Package: pgfcomp-version-1-18 2007/07/23 v3.0.1a (rcs-revision 1.1)
))
(/usr/local/texlive/2016/texmf-dist/tex/latex/pgf/utilities/pgffor.sty
(/usr/local/texlive/2016/texmf-dist/tex/latex/pgf/utilities/pgfkeys.sty
(/usr/local/texlive/2016/texmf-dist/tex/generic/pgf/utilities/pgfkeys.code.tex)
) (/usr/local/texlive/2016/texmf-dist/tex/latex/pgf/math/pgfmath.sty
(/usr/local/texlive/2016/texmf-dist/tex/generic/pgf/math/pgfmath.code.tex))
(/usr/local/texlive/2016/texmf-dist/tex/generic/pgf/utilities/pgffor.code.tex
Package: pgffor 2013/12/13 v3.0.1a (rcs-revision 1.25)

(/usr/local/texlive/2016/texmf-dist/tex/generic/pgf/math/pgfmath.code.tex)
\pgffor@iter=\dimen159
\pgffor@skip=\dimen160
\pgffor@stack=\toks33
\pgffor@toks=\toks34
))
(/usr/local/texlive/2016/texmf-dist/tex/generic/pgf/frontendlayer/tikz/tikz.cod
e.tex
Package: tikz 2015/08/07 v3.0.1a (rcs-revision 1.151)

(/usr/local/texlive/2016/texmf-dist/tex/generic/pgf/libraries/pgflibraryplothan
dlers.code.tex
File: pgflibraryplothandlers.code.tex 2013/08/31 v3.0.1a (rcs-revision 1.20)
\pgf@plot@mark@count=\count113
\pgfplotmarksize=\dimen161
)
\tikz@lastx=\dimen162
\tikz@lasty=\dimen163
\tikz@lastxsaved=\dimen164
\tikz@lastysaved=\dimen165
\tikzleveldistance=\dimen166
\tikzsiblingdistance=\dimen167
\tikz@figbox=\box35
\tikz@figbox@bg=\box36
\tikz@tempbox=\box37
\tikz@tempbox@bg=\box38
\tikztreelevel=\count114
\tikznumberofchildren=\count115
\tikznumberofcurrentchild=\count116
\tikz@fig@count=\count117

(/usr/local/texlive/2016/texmf-dist/tex/generic/pgf/modules/pgfmodulematrix.cod
e.tex
File: pgfmodulematrix.code.tex 2013/09/17  (rcs-revision 1.8)
\pgfmatrixcurrentrow=\count118
\pgfmatrixcurrentcolumn=\count119
\pgf@matrix@numberofcolumns=\count120
)
\tikz@expandcount=\count121

(/usr/local/texlive/2016/texmf-dist/tex/generic/pgf/frontendlayer/tikz/librarie
s/tikzlibrarytopaths.code.tex
File: tikzlibrarytopaths.code.tex 2008/06/17 v3.0.1a (rcs-revision 1.2)
)))
(/usr/local/texlive/2016/texmf-dist/tex/latex/asymptote/asymptote.sty
Package: asymptote 2016/02/09 v1.30 Asymptote style file for LaTeX

(./Simpson_Research_Proposal.pre)
\ASYbox=\box39
\ASYdimen=\dimen168
\c@asy=\count122
\AsyStream=\write4
\AsyPreStream=\write5

(/usr/local/texlive/2016/texmf-dist/tex/latex/base/ifthen.sty
Package: ifthen 2014/09/29 v1.1c Standard LaTeX ifthen package (DPC)
)
(/usr/local/texlive/2016/texmf-dist/tex/generic/oberdiek/catchfile.sty
Package: catchfile 2016/05/16 v1.7 Catch the contents of a file (HO)

(/usr/local/texlive/2016/texmf-dist/tex/generic/oberdiek/etexcmds.sty
Package: etexcmds 2016/05/16 v1.6 Avoid name clashes with e-TeX commands (HO)

(/usr/local/texlive/2016/texmf-dist/tex/generic/oberdiek/ifluatex.sty
Package: ifluatex 2016/05/16 v1.4 Provides the ifluatex switch (HO)
Package ifluatex Info: LuaTeX not detected.
)
Package etexcmds Info: Could not find \expanded.
(etexcmds)             That can mean that you are not using pdfTeX 1.50 or
(etexcmds)             that some package has redefined \expanded.
(etexcmds)             In the latter case, load this package earlier.
))
\openout5 = `Simpson_Research_Proposal.pre'.

)
(/usr/local/texlive/2016/texmf-dist/tex/latex/subfig/subfig.sty
Package: subfig 2005/06/28 ver: 1.3 subfig package

(/usr/local/texlive/2016/texmf-dist/tex/latex/caption/caption.sty
Package: caption 2016/02/21 v3.3-144 Customizing captions (AR)

(/usr/local/texlive/2016/texmf-dist/tex/latex/caption/caption3.sty
Package: caption3 2016/02/04 v1.7-139 caption3 kernel (AR)
Package caption3 Info: TeX engine: e-TeX on input line 67.
\captionmargin=\dimen169
\captionmargin@=\dimen170
\captionwidth=\dimen171
\caption@tempdima=\dimen172
\caption@indent=\dimen173
\caption@parindent=\dimen174
\caption@hangindent=\dimen175
)
\c@ContinuedFloat=\count123
)
\c@KVtest=\count124
\sf@farskip=\skip46
\sf@captopadj=\dimen176
\sf@capskip=\skip47
\sf@nearskip=\skip48
\c@subfigure=\count125
\c@subfigure@save=\count126
\c@lofdepth=\count127
\c@subtable=\count128
\c@subtable@save=\count129
\c@lotdepth=\count130
\sf@top=\skip49
\sf@bottom=\skip50
)
(/usr/local/texlive/2016/texmf-dist/tex/latex/subfloat/subfloat.sty
Package: subfloat 2003/08/21 version 2.14

Package `subfloat', Version 2.14 of 2003/08/21.
\c@subfloatfiguremax=\count131
\c@subfloattablemax=\count132
)
(/usr/local/texlive/2016/texmf-dist/tex/latex/todonotes/todonotes.sty
Package: todonotes 2015/07/09 .dtx Todonotes source and documentation.
Package: todonotes 2012/07/25

(/usr/local/texlive/2016/texmf-dist/tex/latex/xkeyval/xkeyval.sty
Package: xkeyval 2014/12/03 v2.7a package option processing (HA)

(/usr/local/texlive/2016/texmf-dist/tex/generic/xkeyval/xkeyval.tex
(/usr/local/texlive/2016/texmf-dist/tex/generic/xkeyval/xkvutils.tex
\XKV@toks=\toks35
\XKV@tempa@toks=\toks36
)
\XKV@depth=\count133
File: xkeyval.tex 2014/12/03 v2.7a key=value parser (HA)
))
(/usr/local/texlive/2016/texmf-dist/tex/generic/pgf/frontendlayer/tikz/librarie
s/tikzlibrarypositioning.code.tex
File: tikzlibrarypositioning.code.tex 2008/10/06 v3.0.1a (rcs-revision 1.7)
)
(/usr/local/texlive/2016/texmf-dist/tex/latex/tools/calc.sty
Package: calc 2014/10/28 v4.3 Infix arithmetic (KKT,FJ)
\calc@Acount=\count134
\calc@Bcount=\count135
\calc@Adimen=\dimen177
\calc@Bdimen=\dimen178
\calc@Askip=\skip51
\calc@Bskip=\skip52
LaTeX Info: Redefining \setlength on input line 80.
LaTeX Info: Redefining \addtolength on input line 81.
\calc@Ccount=\count136
\calc@Cskip=\skip53
)
\c@@todonotes@numberoftodonotes=\count137
)
(/usr/local/texlive/2016/texmf-dist/tex/latex/hyperref/hyperref.sty
Package: hyperref 2016/05/05 v6.83n Hypertext links for LaTeX

(/usr/local/texlive/2016/texmf-dist/tex/generic/oberdiek/hobsub-hyperref.sty
Package: hobsub-hyperref 2016/05/16 v1.14 Bundle oberdiek, subset hyperref (HO)


(/usr/local/texlive/2016/texmf-dist/tex/generic/oberdiek/hobsub-generic.sty
Package: hobsub-generic 2016/05/16 v1.14 Bundle oberdiek, subset generic (HO)
Package: hobsub 2016/05/16 v1.14 Construct package bundles (HO)
Package hobsub Info: Skipping package `infwarerr' (already loaded).
Package hobsub Info: Skipping package `ltxcmds' (already loaded).
Package hobsub Info: Skipping package `ifluatex' (already loaded).
Package hobsub Info: Skipping package `ifvtex' (already loaded).
Package: intcalc 2016/05/16 v1.2 Expandable calculations with integers (HO)
Package hobsub Info: Skipping package `ifpdf' (already loaded).
Package hobsub Info: Skipping package `etexcmds' (already loaded).
Package: kvsetkeys 2016/05/16 v1.17 Key value parser (HO)
Package: kvdefinekeys 2016/05/16 v1.4 Define keys (HO)
Package: pdftexcmds 2016/05/10 v0.21 Utility functions of pdfTeX for LuaTeX (HO
)
Package pdftexcmds Info: LuaTeX not detected.
Package pdftexcmds Info: \pdf@primitive is available.
Package pdftexcmds Info: \pdf@ifprimitive is available.
Package pdftexcmds Info: \pdfdraftmode found.
Package: pdfescape 2016/05/16 v1.14 Implements pdfTeX's escape features (HO)
Package: bigintcalc 2016/05/16 v1.4 Expandable calculations on big integers (HO
)
Package: bitset 2016/05/16 v1.2 Handle bit-vector datatype (HO)
Package: uniquecounter 2016/05/16 v1.3 Provide unlimited unique counter (HO)
)
Package hobsub Info: Skipping package `hobsub' (already loaded).
Package: letltxmacro 2016/05/16 v1.5 Let assignment for LaTeX macros (HO)
Package: hopatch 2016/05/16 v1.3 Wrapper for package hooks (HO)
Package: xcolor-patch 2016/05/16 xcolor patch
Package: atveryend 2016/05/16 v1.9 Hooks at the very end of document (HO)
Package atveryend Info: \enddocument detected (standard20110627).
Package: atbegshi 2016/05/16 v1.17 At begin shipout hook (HO)
Package: refcount 2016/05/16 v3.5 Data extraction from label references (HO)
Package: hycolor 2016/05/16 v1.8 Color options for hyperref/bookmark (HO)
)
(/usr/local/texlive/2016/texmf-dist/tex/latex/oberdiek/auxhook.sty
Package: auxhook 2016/05/16 v1.4 Hooks for auxiliary files (HO)
)
(/usr/local/texlive/2016/texmf-dist/tex/latex/oberdiek/kvoptions.sty
Package: kvoptions 2016/05/16 v3.12 Key value format for package options (HO)
)
\@linkdim=\dimen179
\Hy@linkcounter=\count138
\Hy@pagecounter=\count139

(/usr/local/texlive/2016/texmf-dist/tex/latex/hyperref/pd1enc.def
File: pd1enc.def 2016/05/05 v6.83n Hyperref: PDFDocEncoding definition (HO)
Now handling font encoding PD1 ...
... no UTF-8 mapping file for font encoding PD1
)
\Hy@SavedSpaceFactor=\count140

(/usr/local/texlive/2016/texmf-dist/tex/latex/latexconfig/hyperref.cfg
File: hyperref.cfg 2002/06/06 v1.2 hyperref configuration of TeXLive
)
Package hyperref Info: Option `colorlinks' set `true' on input line 4322.
Package hyperref Info: Hyper figures OFF on input line 4446.
Package hyperref Info: Link nesting OFF on input line 4451.
Package hyperref Info: Hyper index ON on input line 4454.
Package hyperref Info: Plain pages OFF on input line 4461.
Package hyperref Info: Backreferencing OFF on input line 4466.
Package hyperref Info: Implicit mode ON; LaTeX internals redefined.
Package hyperref Info: Bookmarks ON on input line 4691.
\c@Hy@tempcnt=\count141

(/usr/local/texlive/2016/texmf-dist/tex/latex/url/url.sty
\Urlmuskip=\muskip11
Package: url 2013/09/16  ver 3.4  Verb mode for urls, etc.
)
LaTeX Info: Redefining \url on input line 5044.
\XeTeXLinkMargin=\dimen180
\Fld@menulength=\count142
\Field@Width=\dimen181
\Fld@charsize=\dimen182
Package hyperref Info: Hyper figures OFF on input line 6298.
Package hyperref Info: Link nesting OFF on input line 6303.
Package hyperref Info: Hyper index ON on input line 6306.
Package hyperref Info: backreferencing OFF on input line 6313.
Package hyperref Info: Link coloring ON on input line 6316.
Package hyperref Info: Link coloring with OCG OFF on input line 6323.
Package hyperref Info: PDF/A mode OFF on input line 6328.
LaTeX Info: Redefining \ref on input line 6368.
LaTeX Info: Redefining \pageref on input line 6372.
\Hy@abspage=\count143
\c@Item=\count144
\c@Hfootnote=\count145
)

Package hyperref Message: Driver (autodetected): hpdftex.

(/usr/local/texlive/2016/texmf-dist/tex/latex/hyperref/hpdftex.def
File: hpdftex.def 2016/05/05 v6.83n Hyperref driver for pdfTeX
\Fld@listcount=\count146
\c@bookmark@seq@number=\count147

(/usr/local/texlive/2016/texmf-dist/tex/latex/oberdiek/rerunfilecheck.sty
Package: rerunfilecheck 2016/05/16 v1.8 Rerun checks for auxiliary files (HO)
Package uniquecounter Info: New unique counter `rerunfilecheck' on input line 2
82.
)
\Hy@SectionHShift=\skip54
)
(/usr/local/texlive/2016/texmf-dist/tex/latex/soul/soul.sty
Package: soul 2003/11/17 v2.4 letterspacing/underlining (mf)
\SOUL@word=\toks37
\SOUL@lasttoken=\toks38
\SOUL@cmds=\toks39
\SOUL@buffer=\toks40
\SOUL@token=\toks41
\SOUL@spaceskip=\skip55
\SOUL@ttwidth=\dimen183
\SOUL@uldp=\dimen184
\SOUL@ulht=\dimen185
)
(/usr/local/texlive/2016/texmf-dist/tex/latex/float/float.sty
Package: float 2001/11/08 v1.3d Float enhancements (AL)
\c@float@type=\count148
\float@exts=\toks42
\float@box=\box40
\@float@everytoks=\toks43
\@floatcapt=\box41
)
(/usr/local/texlive/2016/texmf-dist/tex/latex/rotating/rotating.sty
Package: rotating 2009/03/28 v2.16a rotated objects in LaTeX
\c@r@tfl@t=\count149
\rotFPtop=\skip56
\rotFPbot=\skip57
\rot@float@box=\box42
\rot@mess@toks=\toks44
)
(/usr/local/texlive/2016/texmf-dist/tex/latex/natbib/natbib.sty
Package: natbib 2010/09/13 8.31b (PWD, AO)
\bibhang=\skip58
\bibsep=\skip59
LaTeX Info: Redefining \cite on input line 694.
\c@NAT@ctr=\count150
)
(/usr/local/texlive/2016/texmf-dist/tex/latex/setspace/setspace.sty
Package: setspace 2011/12/19 v6.7a set line spacing
)
(./Simpson_Research_Proposal.aux

LaTeX Warning: Label `' multiply defined.


LaTeX Warning: Label `' multiply defined.


LaTeX Warning: Label `' multiply defined.

)
\openout1 = `Simpson_Research_Proposal.aux'.

LaTeX Font Info:    Checking defaults for OML/cmm/m/it on input line 46.
LaTeX Font Info:    ... okay on input line 46.
LaTeX Font Info:    Checking defaults for T1/cmr/m/n on input line 46.
LaTeX Font Info:    ... okay on input line 46.
LaTeX Font Info:    Checking defaults for OT1/cmr/m/n on input line 46.
LaTeX Font Info:    ... okay on input line 46.
LaTeX Font Info:    Checking defaults for OMS/cmsy/m/n on input line 46.
LaTeX Font Info:    ... okay on input line 46.
LaTeX Font Info:    Checking defaults for OMX/cmex/m/n on input line 46.
LaTeX Font Info:    ... okay on input line 46.
LaTeX Font Info:    Checking defaults for U/cmr/m/n on input line 46.
LaTeX Font Info:    ... okay on input line 46.
LaTeX Font Info:    Checking defaults for PD1/pdf/m/n on input line 46.
LaTeX Font Info:    ... okay on input line 46.

*geometry* driver: auto-detecting
*geometry* detected driver: pdftex
*geometry* verbose mode - [ preamble ] result:
* driver: pdftex
* paper: letterpaper
* layout: <same size as paper>
* layoutoffset:(h,v)=(0.0pt,0.0pt)
* modes: 
* h-part:(L,W,R)=(90.3375pt, 433.62001pt, 90.3375pt)
* v-part:(T,H,B)=(90.3375pt, 614.295pt, 90.3375pt)
* \paperwidth=614.295pt
* \paperheight=794.96999pt
* \textwidth=433.62001pt
* \textheight=614.295pt
* \oddsidemargin=18.0675pt
* \evensidemargin=18.0675pt
* \topmargin=-18.9325pt
* \headheight=12.0pt
* \headsep=25.0pt
* \topskip=10.0pt
* \footskip=30.0pt
* \marginparwidth=65.0pt
* \marginparsep=11.0pt
* \columnsep=10.0pt
* \skip\footins=9.0pt plus 4.0pt minus 2.0pt
* \hoffset=0.0pt
* \voffset=0.0pt
* \mag=1000
* \@twocolumnfalse
* \@twosidefalse
* \@mparswitchfalse
* \@reversemarginfalse
* (1in=72.27pt=25.4mm, 1cm=28.453pt)

ABD: EveryShipout initializing macros
(/usr/local/texlive/2016/texmf-dist/tex/context/base/mkii/supp-pdf.mkii
[Loading MPS to PDF converter (version 2006.09.02).]
\scratchcounter=\count151
\scratchdimen=\dimen186
\scratchbox=\box43
\nofMPsegments=\count152
\nofMParguments=\count153
\everyMPshowfont=\toks45
\MPscratchCnt=\count154
\MPscratchDim=\dimen187
\MPnumerator=\count155
\makeMPintoPDFobject=\count156
\everyMPtoPDFconversion=\toks46
) (/usr/local/texlive/2016/texmf-dist/tex/latex/oberdiek/epstopdf-base.sty
Package: epstopdf-base 2016/05/15 v2.6 Base part for package epstopdf

(/usr/local/texlive/2016/texmf-dist/tex/latex/oberdiek/grfext.sty
Package: grfext 2016/05/16 v1.2 Manage graphics extensions (HO)
)
Package grfext Info: Graphics extension search list:
(grfext)             [.png,.pdf,.jpg,.mps,.jpeg,.jbig2,.jb2,.PNG,.PDF,.JPG,.JPE
G,.JBIG2,.JB2,.eps]
(grfext)             \AppendGraphicsExtensions on input line 456.

(/usr/local/texlive/2016/texmf-dist/tex/latex/latexconfig/epstopdf-sys.cfg
File: epstopdf-sys.cfg 2010/07/13 v1.3 Configuration of (r)epstopdf for TeX Liv
e
))
Package caption Info: Begin \AtBeginDocument code.
Package caption Info: subfig package v1.3 is loaded.
Package caption Info: float package is loaded.
Package caption Info: hyperref package is loaded.
Package caption Info: rotating package is loaded.
Package caption Info: End \AtBeginDocument code.
\AtBeginShipoutBox=\box44
Package hyperref Info: Link coloring ON on input line 46.

(/usr/local/texlive/2016/texmf-dist/tex/latex/hyperref/nameref.sty
Package: nameref 2012/10/27 v2.43 Cross-referencing by name of section

(/usr/local/texlive/2016/texmf-dist/tex/generic/oberdiek/gettitlestring.sty
Package: gettitlestring 2016/05/16 v1.5 Cleanup title references (HO)
)
\c@section@level=\count157
)
LaTeX Info: Redefining \ref on input line 46.
LaTeX Info: Redefining \pageref on input line 46.
LaTeX Info: Redefining \nameref on input line 46.

(./Simpson_Research_Proposal.out) (./Simpson_Research_Proposal.out)
\@outlinefile=\write6
\openout6 = `Simpson_Research_Proposal.out'.

LaTeX Font Info:    Try loading font information for U+msa on input line 48.

(/usr/local/texlive/2016/texmf-dist/tex/latex/amsfonts/umsa.fd
File: umsa.fd 2013/01/14 v3.01 AMS symbols A
)
LaTeX Font Info:    Try loading font information for U+msb on input line 48.

(/usr/local/texlive/2016/texmf-dist/tex/latex/amsfonts/umsb.fd
File: umsb.fd 2013/01/14 v3.01 AMS symbols B
)
LaTeX Font Info:    Try loading font information for OMS+cmr on input line 48.

(/usr/local/texlive/2016/texmf-dist/tex/latex/base/omscmr.fd
File: omscmr.fd 2014/09/29 v2.5h Standard LaTeX font definitions
)
LaTeX Font Info:    Font shape `OMS/cmr/m/n' in size <8> not available
(Font)              Font shape `OMS/cmsy/m/n' tried instead on input line 48.
LaTeX Font Info:    Font shape `OMS/cmr/m/n' in size <6> not available
(Font)              Font shape `OMS/cmsy/m/n' tried instead on input line 48.
 [1

{/usr/local/texlive/2016/texmf-var/fonts/map/pdftex/updmap/pdftex.map}] [2]
</Users/dsimp/GitHub/Clinton(2006)Rep/drafts/histogram-1.pdf, id=124, 434.62375
pt x 430.60875pt>
File: /Users/dsimp/GitHub/Clinton(2006)Rep/drafts/histogram-1.pdf Graphic file 
(type pdf)

<use /Users/dsimp/GitHub/Clinton(2006)Rep/drafts/histogram-1.pdf>
Package pdftex.def Info: /Users/dsimp/GitHub/Clinton(2006)Rep/drafts/histogram-
1.pdf used on input line 110.
(pdftex.def)             Requested size: 143.09538pt x 141.77278pt.

</Users/dsimp/GitHub/Clinton(2006)Rep/drafts/histogram-2.pdf, id=125, 434.62375
pt x 430.60875pt>
File: /Users/dsimp/GitHub/Clinton(2006)Rep/drafts/histogram-2.pdf Graphic file 
(type pdf)

<use /Users/dsimp/GitHub/Clinton(2006)Rep/drafts/histogram-2.pdf>
Package pdftex.def Info: /Users/dsimp/GitHub/Clinton(2006)Rep/drafts/histogram-
2.pdf used on input line 111.
(pdftex.def)             Requested size: 143.09538pt x 141.77278pt.

</Users/dsimp/GitHub/Clinton(2006)Rep/drafts/histo_change.pdf, id=126, 543.0287
5pt x 446.66875pt>
File: /Users/dsimp/GitHub/Clinton(2006)Rep/drafts/histo_change.pdf Graphic file
 (type pdf)

<use /Users/dsimp/GitHub/Clinton(2006)Rep/drafts/histo_change.pdf>
Package pdftex.def Info: /Users/dsimp/GitHub/Clinton(2006)Rep/drafts/histo_chan
ge.pdf used on input line 112.
(pdftex.def)             Requested size: 143.09538pt x 117.70554pt.

</Users/dsimp/GitHub/Clinton(2006)Rep/drafts/histogram-3.pdf, id=127, 434.62375
pt x 430.60875pt>
File: /Users/dsimp/GitHub/Clinton(2006)Rep/drafts/histogram-3.pdf Graphic file 
(type pdf)

<use /Users/dsimp/GitHub/Clinton(2006)Rep/drafts/histogram-3.pdf>
Package pdftex.def Info: /Users/dsimp/GitHub/Clinton(2006)Rep/drafts/histogram-
3.pdf used on input line 117.
(pdftex.def)             Requested size: 143.09538pt x 141.77278pt.

</Users/dsimp/GitHub/Clinton(2006)Rep/drafts/histogram-4.pdf, id=128, 543.02875
pt x 446.66875pt>
File: /Users/dsimp/GitHub/Clinton(2006)Rep/drafts/histogram-4.pdf Graphic file 
(type pdf)

<use /Users/dsimp/GitHub/Clinton(2006)Rep/drafts/histogram-4.pdf>
Package pdftex.def Info: /Users/dsimp/GitHub/Clinton(2006)Rep/drafts/histogram-
4.pdf used on input line 118.
(pdftex.def)             Requested size: 143.09538pt x 117.70554pt.

</Users/dsimp/GitHub/Clinton(2006)Rep/drafts/histogram-5.pdf, id=129, 543.02875
pt x 446.66875pt>
File: /Users/dsimp/GitHub/Clinton(2006)Rep/drafts/histogram-5.pdf Graphic file 
(type pdf)

<use /Users/dsimp/GitHub/Clinton(2006)Rep/drafts/histogram-5.pdf>
Package pdftex.def Info: /Users/dsimp/GitHub/Clinton(2006)Rep/drafts/histogram-
5.pdf used on input line 119.
(pdftex.def)             Requested size: 143.09538pt x 117.70554pt.

</Users/dsimp/GitHub/Clinton(2006)Rep/drafts/histogram-6.pdf, id=130, 543.02875
pt x 446.66875pt>
File: /Users/dsimp/GitHub/Clinton(2006)Rep/drafts/histogram-6.pdf Graphic file 
(type pdf)

<use /Users/dsimp/GitHub/Clinton(2006)Rep/drafts/histogram-6.pdf>
Package pdftex.def Info: /Users/dsimp/GitHub/Clinton(2006)Rep/drafts/histogram-
6.pdf used on input line 124.
(pdftex.def)             Requested size: 143.09538pt x 117.70554pt.

</Users/dsimp/GitHub/Clinton(2006)Rep/drafts/histogram-7.pdf, id=131, 543.02875
pt x 446.66875pt>
File: /Users/dsimp/GitHub/Clinton(2006)Rep/drafts/histogram-7.pdf Graphic file 
(type pdf)

<use /Users/dsimp/GitHub/Clinton(2006)Rep/drafts/histogram-7.pdf>
Package pdftex.def Info: /Users/dsimp/GitHub/Clinton(2006)Rep/drafts/histogram-
7.pdf used on input line 125.
(pdftex.def)             Requested size: 143.09538pt x 117.70554pt.

</Users/dsimp/GitHub/Clinton(2006)Rep/drafts/histo_diff.pdf, id=132, 543.02875p
t x 446.66875pt>
File: /Users/dsimp/GitHub/Clinton(2006)Rep/drafts/histo_diff.pdf Graphic file (
type pdf)

<use /Users/dsimp/GitHub/Clinton(2006)Rep/drafts/histo_diff.pdf>
Package pdftex.def Info: /Users/dsimp/GitHub/Clinton(2006)Rep/drafts/histo_diff
.pdf used on input line 126.
(pdftex.def)             Requested size: 143.09538pt x 117.70554pt.

Overfull \hbox (35.1544pt too wide) in paragraph at lines 105--132
[][] 
 []

[3] [4 </Users/dsimp/GitHub/Clinton(2006)Rep/drafts/histogram-1.pdf> </Users/ds
imp/GitHub/Clinton(2006)Rep/drafts/histogram-2.pdf> </Users/dsimp/GitHub/Clinto
n(2006)Rep/drafts/histo_change.pdf> </Users/dsimp/GitHub/Clinton(2006)Rep/draft
s/histogram-3.pdf> </Users/dsimp/GitHub/Clinton(2006)Rep/drafts/histogram-4.pdf
> </Users/dsimp/GitHub/Clinton(2006)Rep/drafts/histogram-5.pdf> </Users/dsimp/G
itHub/Clinton(2006)Rep/drafts/histogram-6.pdf> </Users/dsimp/GitHub/Clinton(200
6)Rep/drafts/histogram-7.pdf> </Users/dsimp/GitHub/Clinton(2006)Rep/drafts/hist
o_diff.pdf>]
</Users/dsimp/GitHub/Clinton(2006)Rep/drafts/plot1-1.pdf, id=213, 505.89pt x 50
5.89pt>
File: /Users/dsimp/GitHub/Clinton(2006)Rep/drafts/plot1-1.pdf Graphic file (typ
e pdf)
 <use /Users/dsimp/GitHub/Clinton(2006)Rep/drafts/plot1-1.pdf>
Package pdftex.def Info: /Users/dsimp/GitHub/Clinton(2006)Rep/drafts/plot1-1.pd
f used on input line 149.
(pdftex.def)             Requested size: 130.08733pt x 130.0848pt.

</Users/dsimp/GitHub/Clinton(2006)Rep/drafts/plot1-2.pdf, id=214, 505.89pt x 50
5.89pt>
File: /Users/dsimp/GitHub/Clinton(2006)Rep/drafts/plot1-2.pdf Graphic file (typ
e pdf)
 <use /Users/dsimp/GitHub/Clinton(2006)Rep/drafts/plot1-2.pdf>
Package pdftex.def Info: /Users/dsimp/GitHub/Clinton(2006)Rep/drafts/plot1-2.pd
f used on input line 150.
(pdftex.def)             Requested size: 130.08733pt x 130.0848pt.

</Users/dsimp/GitHub/Clinton(2006)Rep/drafts/plot1-3.pdf, id=215, 505.89pt x 50
5.89pt>
File: /Users/dsimp/GitHub/Clinton(2006)Rep/drafts/plot1-3.pdf Graphic file (typ
e pdf)
 <use /Users/dsimp/GitHub/Clinton(2006)Rep/drafts/plot1-3.pdf>
Package pdftex.def Info: /Users/dsimp/GitHub/Clinton(2006)Rep/drafts/plot1-3.pd
f used on input line 151.
(pdftex.def)             Requested size: 130.08733pt x 130.0848pt.

</Users/dsimp/GitHub/Clinton(2006)Rep/drafts/plot1-4.pdf, id=216, 505.89pt x 50
5.89pt>
File: /Users/dsimp/GitHub/Clinton(2006)Rep/drafts/plot1-4.pdf Graphic file (typ
e pdf)
 <use /Users/dsimp/GitHub/Clinton(2006)Rep/drafts/plot1-4.pdf>
Package pdftex.def Info: /Users/dsimp/GitHub/Clinton(2006)Rep/drafts/plot1-4.pd
f used on input line 159.
(pdftex.def)             Requested size: 130.08733pt x 130.0848pt.

</Users/dsimp/GitHub/Clinton(2006)Rep/drafts/plot1-5.pdf, id=217, 505.89pt x 50
5.89pt>
File: /Users/dsimp/GitHub/Clinton(2006)Rep/drafts/plot1-5.pdf Graphic file (typ
e pdf)
 <use /Users/dsimp/GitHub/Clinton(2006)Rep/drafts/plot1-5.pdf>
Package pdftex.def Info: /Users/dsimp/GitHub/Clinton(2006)Rep/drafts/plot1-5.pd
f used on input line 160.
(pdftex.def)             Requested size: 130.08733pt x 130.0848pt.

</Users/dsimp/GitHub/Clinton(2006)Rep/drafts/plot1-6.pdf, id=218, 505.89pt x 50
5.89pt>
File: /Users/dsimp/GitHub/Clinton(2006)Rep/drafts/plot1-6.pdf Graphic file (typ
e pdf)
 <use /Users/dsimp/GitHub/Clinton(2006)Rep/drafts/plot1-6.pdf>
Package pdftex.def Info: /Users/dsimp/GitHub/Clinton(2006)Rep/drafts/plot1-6.pd
f used on input line 161.
(pdftex.def)             Requested size: 130.08733pt x 130.0848pt.

</Users/dsimp/GitHub/Clinton(2006)Rep/drafts/plot1-7.pdf, id=219, 505.89pt x 50
5.89pt>
File: /Users/dsimp/GitHub/Clinton(2006)Rep/drafts/plot1-7.pdf Graphic file (typ
e pdf)
 <use /Users/dsimp/GitHub/Clinton(2006)Rep/drafts/plot1-7.pdf>
Package pdftex.def Info: /Users/dsimp/GitHub/Clinton(2006)Rep/drafts/plot1-7.pd
f used on input line 169.
(pdftex.def)             Requested size: 130.08733pt x 130.0848pt.

</Users/dsimp/GitHub/Clinton(2006)Rep/drafts/plot1-8.pdf, id=220, 505.89pt x 50
5.89pt>
File: /Users/dsimp/GitHub/Clinton(2006)Rep/drafts/plot1-8.pdf Graphic file (typ
e pdf)
 <use /Users/dsimp/GitHub/Clinton(2006)Rep/drafts/plot1-8.pdf>
Package pdftex.def Info: /Users/dsimp/GitHub/Clinton(2006)Rep/drafts/plot1-8.pd
f used on input line 170.
(pdftex.def)             Requested size: 130.08733pt x 130.0848pt.

</Users/dsimp/GitHub/Clinton(2006)Rep/drafts/plot1-9.pdf, id=221, 505.89pt x 50
5.89pt>
File: /Users/dsimp/GitHub/Clinton(2006)Rep/drafts/plot1-9.pdf Graphic file (typ
e pdf)
 <use /Users/dsimp/GitHub/Clinton(2006)Rep/drafts/plot1-9.pdf>
Package pdftex.def Info: /Users/dsimp/GitHub/Clinton(2006)Rep/drafts/plot1-9.pd
f used on input line 171.
(pdftex.def)             Requested size: 130.08733pt x 130.0848pt.

</Users/dsimp/GitHub/Clinton(2006)Rep/drafts/plot1-10.pdf, id=222, 505.89pt x 5
05.89pt>
File: /Users/dsimp/GitHub/Clinton(2006)Rep/drafts/plot1-10.pdf Graphic file (ty
pe pdf)
 <use /Users/dsimp/GitHub/Clinton(2006)Rep/drafts/plot1-10.pdf>
Package pdftex.def Info: /Users/dsimp/GitHub/Clinton(2006)Rep/drafts/plot1-10.p
df used on input line 179.
(pdftex.def)             Requested size: 130.08733pt x 130.0848pt.

</Users/dsimp/GitHub/Clinton(2006)Rep/drafts/plot1-11.pdf, id=223, 505.89pt x 5
05.89pt>
File: /Users/dsimp/GitHub/Clinton(2006)Rep/drafts/plot1-11.pdf Graphic file (ty
pe pdf)
 <use /Users/dsimp/GitHub/Clinton(2006)Rep/drafts/plot1-11.pdf>
Package pdftex.def Info: /Users/dsimp/GitHub/Clinton(2006)Rep/drafts/plot1-11.p
df used on input line 180.
(pdftex.def)             Requested size: 130.08733pt x 130.0848pt.

</Users/dsimp/GitHub/Clinton(2006)Rep/drafts/plot1-12.pdf, id=224, 505.89pt x 5
05.89pt>
File: /Users/dsimp/GitHub/Clinton(2006)Rep/drafts/plot1-12.pdf Graphic file (ty
pe pdf)
 <use /Users/dsimp/GitHub/Clinton(2006)Rep/drafts/plot1-12.pdf>
Package pdftex.def Info: /Users/dsimp/GitHub/Clinton(2006)Rep/drafts/plot1-12.p
df used on input line 181.
(pdftex.def)             Requested size: 130.08733pt x 130.0848pt.

Underfull \hbox (badness 10000) in paragraph at lines 141--186
[][]
 []


LaTeX Warning: Float too large for page by 72.88876pt on input line 186.

[5] [6 </Users/dsimp/GitHub/Clinton(2006)Rep/drafts/plot1-1.pdf> </Users/dsimp/
GitHub/Clinton(2006)Rep/drafts/plot1-2.pdf> </Users/dsimp/GitHub/Clinton(2006)R
ep/drafts/plot1-3.pdf> </Users/dsimp/GitHub/Clinton(2006)Rep/drafts/plot1-4.pdf
> </Users/dsimp/GitHub/Clinton(2006)Rep/drafts/plot1-5.pdf> </Users/dsimp/GitHu
b/Clinton(2006)Rep/drafts/plot1-6.pdf> </Users/dsimp/GitHub/Clinton(2006)Rep/dr
afts/plot1-7.pdf> </Users/dsimp/GitHub/Clinton(2006)Rep/drafts/plot1-8.pdf> </U
sers/dsimp/GitHub/Clinton(2006)Rep/drafts/plot1-9.pdf> </Users/dsimp/GitHub/Cli
nton(2006)Rep/drafts/plot1-10.pdf> </Users/dsimp/GitHub/Clinton(2006)Rep/drafts
/plot1-11.pdf> </Users/dsimp/GitHub/Clinton(2006)Rep/drafts/plot1-12.pdf>]
(/Users/dsimp/GitHub/Clinton(2006)Rep/drafts/table2.txt
Overfull \hbox (71.42867pt too wide) in paragraph at lines 5--33
 [][] 
 []

)
</Users/dsimp/GitHub/Clinton(2006)Rep/drafts/me-1.pdf, id=354, 579.16376pt x 42
8.60126pt>
File: /Users/dsimp/GitHub/Clinton(2006)Rep/drafts/me-1.pdf Graphic file (type p
df)
 <use /Users/dsimp/GitHub/Clinton(2006)Rep/drafts/me-1.pdf>
Package pdftex.def Info: /Users/dsimp/GitHub/Clinton(2006)Rep/drafts/me-1.pdf u
sed on input line 240.
(pdftex.def)             Requested size: 195.12767pt x 144.40143pt.

</Users/dsimp/GitHub/Clinton(2006)Rep/drafts/me-2.pdf, id=355, 579.16376pt x 42
8.60126pt>
File: /Users/dsimp/GitHub/Clinton(2006)Rep/drafts/me-2.pdf Graphic file (type p
df)
 <use /Users/dsimp/GitHub/Clinton(2006)Rep/drafts/me-2.pdf>
Package pdftex.def Info: /Users/dsimp/GitHub/Clinton(2006)Rep/drafts/me-2.pdf u
sed on input line 241.
(pdftex.def)             Requested size: 195.12767pt x 144.40143pt.

</Users/dsimp/GitHub/Clinton(2006)Rep/drafts/me-3.pdf, id=356, 579.16376pt x 42
8.60126pt>
File: /Users/dsimp/GitHub/Clinton(2006)Rep/drafts/me-3.pdf Graphic file (type p
df)
 <use /Users/dsimp/GitHub/Clinton(2006)Rep/drafts/me-3.pdf>
Package pdftex.def Info: /Users/dsimp/GitHub/Clinton(2006)Rep/drafts/me-3.pdf u
sed on input line 245.
(pdftex.def)             Requested size: 195.12767pt x 144.40143pt.

</Users/dsimp/GitHub/Clinton(2006)Rep/drafts/me-4.pdf, id=357, 579.16376pt x 42
8.60126pt>
File: /Users/dsimp/GitHub/Clinton(2006)Rep/drafts/me-4.pdf Graphic file (type p
df)
 <use /Users/dsimp/GitHub/Clinton(2006)Rep/drafts/me-4.pdf>
Package pdftex.def Info: /Users/dsimp/GitHub/Clinton(2006)Rep/drafts/me-4.pdf u
sed on input line 246.
(pdftex.def)             Requested size: 195.12767pt x 144.40143pt.

Underfull \hbox (badness 10000) in paragraph at lines 236--252
[][]
 []

[7] [8] [9 </Users/dsimp/GitHub/Clinton(2006)Rep/drafts/me-1.pdf> </Users/dsimp
/GitHub/Clinton(2006)Rep/drafts/me-2.pdf> </Users/dsimp/GitHub/Clinton(2006)Rep
/drafts/me-3.pdf> </Users/dsimp/GitHub/Clinton(2006)Rep/drafts/me-4.pdf>]
[10] (/Users/dsimp/GitHub/Clinton(2006)Rep/drafts/table3.txt
Overfull \hbox (33.9497pt too wide) in paragraph at lines 5--42
 [][] 
 []

)
</Users/dsimp/GitHub/Clinton(2006)Rep/drafts/me2-1.pdf, id=416, 480.79625pt x 3
93.47pt>
File: /Users/dsimp/GitHub/Clinton(2006)Rep/drafts/me2-1.pdf Graphic file (type 
pdf)
 <use /Users/dsimp/GitHub/Clinton(2006)Rep/drafts/me2-1.pdf>
Package pdftex.def Info: /Users/dsimp/GitHub/Clinton(2006)Rep/drafts/me2-1.pdf 
used on input line 296.
(pdftex.def)             Requested size: 108.405pt x 88.71304pt.

</Users/dsimp/GitHub/Clinton(2006)Rep/drafts/me2-3.pdf, id=417, 480.79625pt x 3
93.47pt>
File: /Users/dsimp/GitHub/Clinton(2006)Rep/drafts/me2-3.pdf Graphic file (type 
pdf)
 <use /Users/dsimp/GitHub/Clinton(2006)Rep/drafts/me2-3.pdf>
Package pdftex.def Info: /Users/dsimp/GitHub/Clinton(2006)Rep/drafts/me2-3.pdf 
used on input line 297.
(pdftex.def)             Requested size: 108.405pt x 88.71304pt.

</Users/dsimp/GitHub/Clinton(2006)Rep/drafts/me2-5.pdf, id=418, 480.79625pt x 3
93.47pt>
File: /Users/dsimp/GitHub/Clinton(2006)Rep/drafts/me2-5.pdf Graphic file (type 
pdf)
 <use /Users/dsimp/GitHub/Clinton(2006)Rep/drafts/me2-5.pdf>
Package pdftex.def Info: /Users/dsimp/GitHub/Clinton(2006)Rep/drafts/me2-5.pdf 
used on input line 298.
(pdftex.def)             Requested size: 108.405pt x 88.71304pt.

</Users/dsimp/GitHub/Clinton(2006)Rep/drafts/me2-2.pdf, id=419, 529.98pt x 422.
57875pt>
File: /Users/dsimp/GitHub/Clinton(2006)Rep/drafts/me2-2.pdf Graphic file (type 
pdf)
 <use /Users/dsimp/GitHub/Clinton(2006)Rep/drafts/me2-2.pdf>
Package pdftex.def Info: /Users/dsimp/GitHub/Clinton(2006)Rep/drafts/me2-2.pdf 
used on input line 303.
(pdftex.def)             Requested size: 108.405pt x 86.43576pt.

</Users/dsimp/GitHub/Clinton(2006)Rep/drafts/me2-4.pdf, id=420, 480.79625pt x 3
93.47pt>
File: /Users/dsimp/GitHub/Clinton(2006)Rep/drafts/me2-4.pdf Graphic file (type 
pdf)
 <use /Users/dsimp/GitHub/Clinton(2006)Rep/drafts/me2-4.pdf>
Package pdftex.def Info: /Users/dsimp/GitHub/Clinton(2006)Rep/drafts/me2-4.pdf 
used on input line 304.
(pdftex.def)             Requested size: 108.405pt x 88.71304pt.

</Users/dsimp/GitHub/Clinton(2006)Rep/drafts/me2-6.pdf, id=421, 480.79625pt x 3
93.47pt>
File: /Users/dsimp/GitHub/Clinton(2006)Rep/drafts/me2-6.pdf Graphic file (type 
pdf)
 <use /Users/dsimp/GitHub/Clinton(2006)Rep/drafts/me2-6.pdf>
Package pdftex.def Info: /Users/dsimp/GitHub/Clinton(2006)Rep/drafts/me2-6.pdf 
used on input line 305.
(pdftex.def)             Requested size: 108.405pt x 88.71304pt.

</Users/dsimp/GitHub/Clinton(2006)Rep/drafts/me3-1.pdf, id=422, 480.79625pt x 3
93.47pt>
File: /Users/dsimp/GitHub/Clinton(2006)Rep/drafts/me3-1.pdf Graphic file (type 
pdf)
 <use /Users/dsimp/GitHub/Clinton(2006)Rep/drafts/me3-1.pdf>
Package pdftex.def Info: /Users/dsimp/GitHub/Clinton(2006)Rep/drafts/me3-1.pdf 
used on input line 312.
(pdftex.def)             Requested size: 108.405pt x 88.71304pt.

</Users/dsimp/GitHub/Clinton(2006)Rep/drafts/me3-3.pdf, id=423, 480.79625pt x 3
93.47pt>
File: /Users/dsimp/GitHub/Clinton(2006)Rep/drafts/me3-3.pdf Graphic file (type 
pdf)
 <use /Users/dsimp/GitHub/Clinton(2006)Rep/drafts/me3-3.pdf>
Package pdftex.def Info: /Users/dsimp/GitHub/Clinton(2006)Rep/drafts/me3-3.pdf 
used on input line 313.
(pdftex.def)             Requested size: 108.405pt x 88.71304pt.

</Users/dsimp/GitHub/Clinton(2006)Rep/drafts/me3-5.pdf, id=424, 480.79625pt x 3
93.47pt>
File: /Users/dsimp/GitHub/Clinton(2006)Rep/drafts/me3-5.pdf Graphic file (type 
pdf)
 <use /Users/dsimp/GitHub/Clinton(2006)Rep/drafts/me3-5.pdf>
Package pdftex.def Info: /Users/dsimp/GitHub/Clinton(2006)Rep/drafts/me3-5.pdf 
used on input line 314.
(pdftex.def)             Requested size: 108.405pt x 88.71304pt.

</Users/dsimp/GitHub/Clinton(2006)Rep/drafts/me3-2.pdf, id=425, 480.79625pt x 3
93.47pt>
File: /Users/dsimp/GitHub/Clinton(2006)Rep/drafts/me3-2.pdf Graphic file (type 
pdf)
 <use /Users/dsimp/GitHub/Clinton(2006)Rep/drafts/me3-2.pdf>
Package pdftex.def Info: /Users/dsimp/GitHub/Clinton(2006)Rep/drafts/me3-2.pdf 
used on input line 319.
(pdftex.def)             Requested size: 108.405pt x 88.71304pt.

</Users/dsimp/GitHub/Clinton(2006)Rep/drafts/me3-4.pdf, id=426, 480.79625pt x 3
93.47pt>
File: /Users/dsimp/GitHub/Clinton(2006)Rep/drafts/me3-4.pdf Graphic file (type 
pdf)
 <use /Users/dsimp/GitHub/Clinton(2006)Rep/drafts/me3-4.pdf>
Package pdftex.def Info: /Users/dsimp/GitHub/Clinton(2006)Rep/drafts/me3-4.pdf 
used on input line 320.
(pdftex.def)             Requested size: 108.405pt x 88.71304pt.

</Users/dsimp/GitHub/Clinton(2006)Rep/drafts/me3-6.pdf, id=427, 480.79625pt x 3
93.47pt>
File: /Users/dsimp/GitHub/Clinton(2006)Rep/drafts/me3-6.pdf Graphic file (type 
pdf)
 <use /Users/dsimp/GitHub/Clinton(2006)Rep/drafts/me3-6.pdf>
Package pdftex.def Info: /Users/dsimp/GitHub/Clinton(2006)Rep/drafts/me3-6.pdf 
used on input line 321.
(pdftex.def)             Requested size: 108.405pt x 88.71304pt.
 [11]
[12 </Users/dsimp/GitHub/Clinton(2006)Rep/drafts/me2-1.pdf> </Users/dsimp/GitHu
b/Clinton(2006)Rep/drafts/me2-3.pdf> </Users/dsimp/GitHub/Clinton(2006)Rep/draf
ts/me2-5.pdf> </Users/dsimp/GitHub/Clinton(2006)Rep/drafts/me2-2.pdf> </Users/d
simp/GitHub/Clinton(2006)Rep/drafts/me2-4.pdf> </Users/dsimp/GitHub/Clinton(200
6)Rep/drafts/me2-6.pdf> </Users/dsimp/GitHub/Clinton(2006)Rep/drafts/me3-1.pdf>
 </Users/dsimp/GitHub/Clinton(2006)Rep/drafts/me3-3.pdf> </Users/dsimp/GitHub/C
linton(2006)Rep/drafts/me3-5.pdf> </Users/dsimp/GitHub/Clinton(2006)Rep/drafts/
me3-2.pdf> </Users/dsimp/GitHub/Clinton(2006)Rep/drafts/me3-4.pdf> </Users/dsim
p/GitHub/Clinton(2006)Rep/drafts/me3-6.pdf>] [13]
(/Users/dsimp/GitHub/Clinton(2006)Rep/drafts/table4.txt
Overfull \hbox (32.02577pt too wide) in paragraph at lines 5--42
 [][] 
 []

)
</Users/dsimp/GitHub/Clinton(2006)Rep/drafts/me4-1.pdf, id=503, 480.79625pt x 3
93.47pt>
File: /Users/dsimp/GitHub/Clinton(2006)Rep/drafts/me4-1.pdf Graphic file (type 
pdf)
 <use /Users/dsimp/GitHub/Clinton(2006)Rep/drafts/me4-1.pdf>
Package pdftex.def Info: /Users/dsimp/GitHub/Clinton(2006)Rep/drafts/me4-1.pdf 
used on input line 356.
(pdftex.def)             Requested size: 108.405pt x 88.71304pt.

</Users/dsimp/GitHub/Clinton(2006)Rep/drafts/me4-3.pdf, id=504, 480.79625pt x 3
93.47pt>
File: /Users/dsimp/GitHub/Clinton(2006)Rep/drafts/me4-3.pdf Graphic file (type 
pdf)
 <use /Users/dsimp/GitHub/Clinton(2006)Rep/drafts/me4-3.pdf>
Package pdftex.def Info: /Users/dsimp/GitHub/Clinton(2006)Rep/drafts/me4-3.pdf 
used on input line 357.
(pdftex.def)             Requested size: 108.405pt x 88.71304pt.

</Users/dsimp/GitHub/Clinton(2006)Rep/drafts/me4-5.pdf, id=505, 480.79625pt x 3
93.47pt>
File: /Users/dsimp/GitHub/Clinton(2006)Rep/drafts/me4-5.pdf Graphic file (type 
pdf)
 <use /Users/dsimp/GitHub/Clinton(2006)Rep/drafts/me4-5.pdf>
Package pdftex.def Info: /Users/dsimp/GitHub/Clinton(2006)Rep/drafts/me4-5.pdf 
used on input line 358.
(pdftex.def)             Requested size: 108.405pt x 88.71304pt.

</Users/dsimp/GitHub/Clinton(2006)Rep/drafts/me4-2.pdf, id=506, 480.79625pt x 3
93.47pt>
File: /Users/dsimp/GitHub/Clinton(2006)Rep/drafts/me4-2.pdf Graphic file (type 
pdf)
 <use /Users/dsimp/GitHub/Clinton(2006)Rep/drafts/me4-2.pdf>
Package pdftex.def Info: /Users/dsimp/GitHub/Clinton(2006)Rep/drafts/me4-2.pdf 
used on input line 363.
(pdftex.def)             Requested size: 108.405pt x 88.71304pt.

</Users/dsimp/GitHub/Clinton(2006)Rep/drafts/me4-4.pdf, id=507, 480.79625pt x 3
93.47pt>
File: /Users/dsimp/GitHub/Clinton(2006)Rep/drafts/me4-4.pdf Graphic file (type 
pdf)
 <use /Users/dsimp/GitHub/Clinton(2006)Rep/drafts/me4-4.pdf>
Package pdftex.def Info: /Users/dsimp/GitHub/Clinton(2006)Rep/drafts/me4-4.pdf 
used on input line 364.
(pdftex.def)             Requested size: 108.405pt x 88.71304pt.

</Users/dsimp/GitHub/Clinton(2006)Rep/drafts/me4-6.pdf, id=508, 480.79625pt x 3
93.47pt>
File: /Users/dsimp/GitHub/Clinton(2006)Rep/drafts/me4-6.pdf Graphic file (type 
pdf)
 <use /Users/dsimp/GitHub/Clinton(2006)Rep/drafts/me4-6.pdf>
Package pdftex.def Info: /Users/dsimp/GitHub/Clinton(2006)Rep/drafts/me4-6.pdf 
used on input line 365.
(pdftex.def)             Requested size: 108.405pt x 88.71304pt.

</Users/dsimp/GitHub/Clinton(2006)Rep/drafts/me5-1.pdf, id=509, 480.79625pt x 3
93.47pt>
File: /Users/dsimp/GitHub/Clinton(2006)Rep/drafts/me5-1.pdf Graphic file (type 
pdf)
 <use /Users/dsimp/GitHub/Clinton(2006)Rep/drafts/me5-1.pdf>
Package pdftex.def Info: /Users/dsimp/GitHub/Clinton(2006)Rep/drafts/me5-1.pdf 
used on input line 372.
(pdftex.def)             Requested size: 108.405pt x 88.71304pt.

</Users/dsimp/GitHub/Clinton(2006)Rep/drafts/me5-3.pdf, id=510, 480.79625pt x 3
93.47pt>
File: /Users/dsimp/GitHub/Clinton(2006)Rep/drafts/me5-3.pdf Graphic file (type 
pdf)
 <use /Users/dsimp/GitHub/Clinton(2006)Rep/drafts/me5-3.pdf>
Package pdftex.def Info: /Users/dsimp/GitHub/Clinton(2006)Rep/drafts/me5-3.pdf 
used on input line 373.
(pdftex.def)             Requested size: 108.405pt x 88.71304pt.

</Users/dsimp/GitHub/Clinton(2006)Rep/drafts/me5-5.pdf, id=511, 480.79625pt x 3
93.47pt>
File: /Users/dsimp/GitHub/Clinton(2006)Rep/drafts/me5-5.pdf Graphic file (type 
pdf)
 <use /Users/dsimp/GitHub/Clinton(2006)Rep/drafts/me5-5.pdf>
Package pdftex.def Info: /Users/dsimp/GitHub/Clinton(2006)Rep/drafts/me5-5.pdf 
used on input line 374.
(pdftex.def)             Requested size: 108.405pt x 88.71304pt.

</Users/dsimp/GitHub/Clinton(2006)Rep/drafts/me5-2.pdf, id=512, 480.79625pt x 3
93.47pt>
File: /Users/dsimp/GitHub/Clinton(2006)Rep/drafts/me5-2.pdf Graphic file (type 
pdf)
 <use /Users/dsimp/GitHub/Clinton(2006)Rep/drafts/me5-2.pdf>
Package pdftex.def Info: /Users/dsimp/GitHub/Clinton(2006)Rep/drafts/me5-2.pdf 
used on input line 379.
(pdftex.def)             Requested size: 108.405pt x 88.71304pt.

</Users/dsimp/GitHub/Clinton(2006)Rep/drafts/me5-4.pdf, id=513, 480.79625pt x 3
93.47pt>
File: /Users/dsimp/GitHub/Clinton(2006)Rep/drafts/me5-4.pdf Graphic file (type 
pdf)
 <use /Users/dsimp/GitHub/Clinton(2006)Rep/drafts/me5-4.pdf>
Package pdftex.def Info: /Users/dsimp/GitHub/Clinton(2006)Rep/drafts/me5-4.pdf 
used on input line 380.
(pdftex.def)             Requested size: 108.405pt x 88.71304pt.

</Users/dsimp/GitHub/Clinton(2006)Rep/drafts/me5-6.pdf, id=514, 480.79625pt x 3
93.47pt>
File: /Users/dsimp/GitHub/Clinton(2006)Rep/drafts/me5-6.pdf Graphic file (type 
pdf)
 <use /Users/dsimp/GitHub/Clinton(2006)Rep/drafts/me5-6.pdf>
Package pdftex.def Info: /Users/dsimp/GitHub/Clinton(2006)Rep/drafts/me5-6.pdf 
used on input line 381.
(pdftex.def)             Requested size: 108.405pt x 88.71304pt.
 [14]
[15 </Users/dsimp/GitHub/Clinton(2006)Rep/drafts/me4-1.pdf> </Users/dsimp/GitHu
b/Clinton(2006)Rep/drafts/me4-3.pdf> </Users/dsimp/GitHub/Clinton(2006)Rep/draf
ts/me4-5.pdf> </Users/dsimp/GitHub/Clinton(2006)Rep/drafts/me4-2.pdf> </Users/d
simp/GitHub/Clinton(2006)Rep/drafts/me4-4.pdf> </Users/dsimp/GitHub/Clinton(200
6)Rep/drafts/me4-6.pdf> </Users/dsimp/GitHub/Clinton(2006)Rep/drafts/me5-1.pdf>
 </Users/dsimp/GitHub/Clinton(2006)Rep/drafts/me5-3.pdf> </Users/dsimp/GitHub/C
linton(2006)Rep/drafts/me5-5.pdf> </Users/dsimp/GitHub/Clinton(2006)Rep/drafts/
me5-2.pdf> </Users/dsimp/GitHub/Clinton(2006)Rep/drafts/me5-4.pdf> </Users/dsim
p/GitHub/Clinton(2006)Rep/drafts/me5-6.pdf>] [16]
(/Users/dsimp/GitHub/Clinton(2006)Rep/drafts/table1.txt) [17] [18]
(./Simpson_Research_Proposal.bbl) [19]
Package atveryend Info: Empty hook `BeforeClearDocument' on input line 448.
Package atveryend Info: Empty hook `AfterLastShipout' on input line 448.
 (./Simpson_Research_Proposal.aux)
Package atveryend Info: Executing hook `AtVeryEndDocument' on input line 448.
Package atveryend Info: Executing hook `AtEndAfterFileList' on input line 448.
Package rerunfilecheck Info: File `Simpson_Research_Proposal.out' has not chang
ed.
(rerunfilecheck)             Checksum: 765846C2040A863254BAA4A883213A0B;628.


LaTeX Warning: There were multiply-defined labels.

Package atveryend Info: Empty hook `AtVeryVeryEnd' on input line 448.
 ) 
Here is how much of TeX's memory you used:
 19397 strings out of 493014
 362951 string characters out of 6133351
 433819 words of memory out of 5000000
 22454 multiletter control sequences out of 15000+600000
 12769 words of font info for 49 fonts, out of 8000000 for 9000
 1141 hyphenation exceptions out of 8191
 55i,12n,77p,1022b,448s stack positions out of 5000i,500n,10000p,200000b,80000s
</usr/local/texlive/2016/texmf-dist/fonts/type1/public/amsfonts/cm/cmbx10.pfb
></usr/local/texlive/2016/texmf-dist/fonts/type1/public/amsfonts/cm/cmbx12.pfb>
</usr/local/texlive/2016/texmf-dist/fonts/type1/public/amsfonts/cm/cmbx9.pfb></
usr/local/texlive/2016/texmf-dist/fonts/type1/public/amsfonts/cm/cmex10.pfb></u
sr/local/texlive/2016/texmf-dist/fonts/type1/public/amsfonts/cm/cmmi10.pfb></us
r/local/texlive/2016/texmf-dist/fonts/type1/public/amsfonts/cm/cmmi5.pfb></usr/
local/texlive/2016/texmf-dist/fonts/type1/public/amsfonts/cm/cmmi7.pfb></usr/lo
cal/texlive/2016/texmf-dist/fonts/type1/public/amsfonts/cm/cmr10.pfb></usr/loca
l/texlive/2016/texmf-dist/fonts/type1/public/amsfonts/cm/cmr12.pfb></usr/local/
texlive/2016/texmf-dist/fonts/type1/public/amsfonts/cm/cmr17.pfb></usr/local/te
xlive/2016/texmf-dist/fonts/type1/public/amsfonts/cm/cmr7.pfb></usr/local/texli
ve/2016/texmf-dist/fonts/type1/public/amsfonts/cm/cmr8.pfb></usr/local/texlive/
2016/texmf-dist/fonts/type1/public/amsfonts/cm/cmr9.pfb></usr/local/texlive/201
6/texmf-dist/fonts/type1/public/amsfonts/cm/cmsy10.pfb></usr/local/texlive/2016
/texmf-dist/fonts/type1/public/amsfonts/cm/cmsy6.pfb></usr/local/texlive/2016/t
exmf-dist/fonts/type1/public/amsfonts/cm/cmsy7.pfb></usr/local/texlive/2016/tex
mf-dist/fonts/type1/public/amsfonts/cm/cmsy8.pfb></usr/local/texlive/2016/texmf
-dist/fonts/type1/public/amsfonts/cm/cmti10.pfb>
Output written on Simpson_Research_Proposal.pdf (19 pages, 963513 bytes).
PDF statistics:
 678 PDF objects out of 1000 (max. 8388607)
 535 compressed objects within 6 object streams
 55 named destinations out of 1000 (max. 500000)
 346 words of extra memory for PDF output out of 10000 (max. 10000000)

